------------------------------------
Fri 15 May 2026 15:54:58 IDT
SLURM_JOBID:		17542880
SLURM_JOB_NODELIST:	ise-pheno-03
SLURM_SCRATCH_DIR:	
Allocated Resouces:	cpu - 6 / mem - 24576 MB / gpu - 
SLURM_GPU_INDEX:	
Running as eladbaum from coursefreifeld26 account with  QOS
------------------------------------
GPU 0: NVIDIA GeForce GTX 1080 Ti (UUID: GPU-1fd95c6b-ff1a-0663-7167-fdfc809c2cdc)
Resuming — 1801 (fen,run) pairs already in CSV
Loaded 511 unique FENs from /home/eladbaum/chess_project/Project2_3/dataset/labels.csv

Rendering 511 FENs (view=black, resolution=800, samples=128)
HDRIs: ['studio_small_03.exr', 'brown_photostudio_02.exr', 'lebombo.exr', 'entrance_hall.exr']
Output: /home/eladbaum/chess_project/Project2_3/dataset_v1

[FEN 0000 run 0] skip (done)
[FEN 0000 run 1] skip (done)
[FEN 0000 run 2] skip (done)
[FEN 0000 run 3] skip (done)
[FEN 0001 run 0] skip (done)
[FEN 0001 run 1] skip (done)
[FEN 0001 run 2] skip (done)
[FEN 0001 run 3] skip (done)
[FEN 0002 run 0] skip (done)
[FEN 0002 run 1] skip (done)
[FEN 0002 run 2] skip (done)
[FEN 0002 run 3] skip (done)
[FEN 0003 run 0] skip (done)
[FEN 0003 run 1] skip (done)
[FEN 0003 run 2] skip (done)
[FEN 0003 run 3] skip (done)
[FEN 0004 run 0] skip (done)
[FEN 0004 run 1] skip (done)
[FEN 0004 run 2] skip (done)
[FEN 0004 run 3] skip (done)
[FEN 0005 run 0] skip (done)
[FEN 0005 run 1] skip (done)
[FEN 0005 run 2] skip (done)
[FEN 0005 run 3] skip (done)
[FEN 0006 run 0] skip (done)
[FEN 0006 run 1] skip (done)
[FEN 0006 run 2] skip (done)
[FEN 0006 run 3] skip (done)
[FEN 0007 run 0] skip (done)
[FEN 0007 run 1] skip (done)
[FEN 0007 run 2] skip (done)
[FEN 0007 run 3] skip (done)
[FEN 0008 run 0] skip (done)
[FEN 0008 run 1] skip (done)
[FEN 0008 run 2] skip (done)
[FEN 0008 run 3] skip (done)
[FEN 0009 run 0] skip (done)
[FEN 0009 run 1] skip (done)
[FEN 0009 run 2] skip (done)
[FEN 0009 run 3] skip (done)
[FEN 0010 run 0] skip (done)
[FEN 0010 run 1] skip (done)
[FEN 0010 run 2] skip (done)
[FEN 0010 run 3] skip (done)
[FEN 0011 run 0] skip (done)
[FEN 0011 run 1] skip (done)
[FEN 0011 run 2] skip (done)
[FEN 0011 run 3] skip (done)
[FEN 0012 run 0] skip (done)
[FEN 0012 run 1] skip (done)
[FEN 0012 run 2] skip (done)
[FEN 0012 run 3] skip (done)
[FEN 0013 run 0] skip (done)
[FEN 0013 run 1] skip (done)
[FEN 0013 run 2] skip (done)
[FEN 0013 run 3] skip (done)
[FEN 0014 run 0] skip (done)
[FEN 0014 run 1] skip (done)
[FEN 0014 run 2] skip (done)
[FEN 0014 run 3] skip (done)
[FEN 0015 run 0] skip (done)
[FEN 0015 run 1] skip (done)
[FEN 0015 run 2] skip (done)
[FEN 0015 run 3] skip (done)
[FEN 0016 run 0] skip (done)
[FEN 0016 run 1] skip (done)
[FEN 0016 run 2] skip (done)
[FEN 0016 run 3] skip (done)
[FEN 0017 run 0] skip (done)
[FEN 0017 run 1] skip (done)
[FEN 0017 run 2] skip (done)
[FEN 0017 run 3] skip (done)
[FEN 0018 run 0] skip (done)
[FEN 0018 run 1] skip (done)
[FEN 0018 run 2] skip (done)
[FEN 0018 run 3] skip (done)
[FEN 0019 run 0] skip (done)
[FEN 0019 run 1] skip (done)
[FEN 0019 run 2] skip (done)
[FEN 0019 run 3] skip (done)
[FEN 0020 run 0] skip (done)
[FEN 0020 run 1] skip (done)
[FEN 0020 run 2] skip (done)
[FEN 0020 run 3] skip (done)
[FEN 0021 run 0] skip (done)
[FEN 0021 run 1] skip (done)
[FEN 0021 run 2] skip (done)
[FEN 0021 run 3] skip (done)
[FEN 0022 run 0] skip (done)
[FEN 0022 run 1] skip (done)
[FEN 0022 run 2] skip (done)
[FEN 0022 run 3] skip (done)
[FEN 0023 run 0] skip (done)
[FEN 0023 run 1] skip (done)
[FEN 0023 run 2] skip (done)
[FEN 0023 run 3] skip (done)
[FEN 0024 run 0] skip (done)
[FEN 0024 run 1] skip (done)
[FEN 0024 run 2] skip (done)
[FEN 0024 run 3] skip (done)
[FEN 0025 run 0] skip (done)
[FEN 0025 run 1] skip (done)
[FEN 0025 run 2] skip (done)
[FEN 0025 run 3] skip (done)
[FEN 0026 run 0] skip (done)
[FEN 0026 run 1] skip (done)
[FEN 0026 run 2] skip (done)
[FEN 0026 run 3] skip (done)
[FEN 0027 run 0] skip (done)
[FEN 0027 run 1] skip (done)
[FEN 0027 run 2] skip (done)
[FEN 0027 run 3] skip (done)
[FEN 0028 run 0] skip (done)
[FEN 0028 run 1] skip (done)
[FEN 0028 run 2] skip (done)
[FEN 0028 run 3] skip (done)
[FEN 0029 run 0] skip (done)
[FEN 0029 run 1] skip (done)
[FEN 0029 run 2] skip (done)
[FEN 0029 run 3] skip (done)
[FEN 0030 run 0] skip (done)
[FEN 0030 run 1] skip (done)
[FEN 0030 run 2] skip (done)
[FEN 0030 run 3] skip (done)
[FEN 0031 run 0] skip (done)
[FEN 0031 run 1] skip (done)
[FEN 0031 run 2] skip (done)
[FEN 0031 run 3] skip (done)
[FEN 0032 run 0] skip (done)
[FEN 0032 run 1] skip (done)
[FEN 0032 run 2] skip (done)
[FEN 0032 run 3] skip (done)
[FEN 0033 run 0] skip (done)
[FEN 0033 run 1] skip (done)
[FEN 0033 run 2] skip (done)
[FEN 0033 run 3] skip (done)
[FEN 0034 run 0] skip (done)
[FEN 0034 run 1] skip (done)
[FEN 0034 run 2] skip (done)
[FEN 0034 run 3] skip (done)
[FEN 0035 run 0] skip (done)
[FEN 0035 run 1] skip (done)
[FEN 0035 run 2] skip (done)
[FEN 0035 run 3] skip (done)
[FEN 0036 run 0] skip (done)
[FEN 0036 run 1] skip (done)
[FEN 0036 run 2] skip (done)
[FEN 0036 run 3] skip (done)
[FEN 0037 run 0] skip (done)
[FEN 0037 run 1] skip (done)
[FEN 0037 run 2] skip (done)
[FEN 0037 run 3] skip (done)
[FEN 0038 run 0] skip (done)
[FEN 0038 run 1] skip (done)
[FEN 0038 run 2] skip (done)
[FEN 0038 run 3] skip (done)
[FEN 0039 run 0] skip (done)
[FEN 0039 run 1] skip (done)
[FEN 0039 run 2] skip (done)
[FEN 0039 run 3] skip (done)
[FEN 0040 run 0] skip (done)
[FEN 0040 run 1] skip (done)
[FEN 0040 run 2] skip (done)
[FEN 0040 run 3] skip (done)
[FEN 0041 run 0] skip (done)
[FEN 0041 run 1] skip (done)
[FEN 0041 run 2] skip (done)
[FEN 0041 run 3] skip (done)
[FEN 0042 run 0] skip (done)
[FEN 0042 run 1] skip (done)
[FEN 0042 run 2] skip (done)
[FEN 0042 run 3] skip (done)
[FEN 0043 run 0] skip (done)
[FEN 0043 run 1] skip (done)
[FEN 0043 run 2] skip (done)
[FEN 0043 run 3] skip (done)
[FEN 0044 run 0] skip (done)
[FEN 0044 run 1] skip (done)
[FEN 0044 run 2] skip (done)
[FEN 0044 run 3] skip (done)
[FEN 0045 run 0] skip (done)
[FEN 0045 run 1] skip (done)
[FEN 0045 run 2] skip (done)
[FEN 0045 run 3] skip (done)
[FEN 0046 run 0] skip (done)
[FEN 0046 run 1] skip (done)
[FEN 0046 run 2] skip (done)
[FEN 0046 run 3] skip (done)
[FEN 0047 run 0] skip (done)
[FEN 0047 run 1] skip (done)
[FEN 0047 run 2] skip (done)
[FEN 0047 run 3] skip (done)
[FEN 0048 run 0] skip (done)
[FEN 0048 run 1] skip (done)
[FEN 0048 run 2] skip (done)
[FEN 0048 run 3] skip (done)
[FEN 0049 run 0] skip (done)
[FEN 0049 run 1] skip (done)
[FEN 0049 run 2] skip (done)
[FEN 0049 run 3] skip (done)
[FEN 0050 run 0] skip (done)
[FEN 0050 run 1] skip (done)
[FEN 0050 run 2] skip (done)
[FEN 0050 run 3] skip (done)
[FEN 0051 run 0] skip (done)
[FEN 0051 run 1] skip (done)
[FEN 0051 run 2] skip (done)
[FEN 0051 run 3] skip (done)
[FEN 0052 run 0] skip (done)
[FEN 0052 run 1] skip (done)
[FEN 0052 run 2] skip (done)
[FEN 0052 run 3] skip (done)
[FEN 0053 run 0] skip (done)
[FEN 0053 run 1] skip (done)
[FEN 0053 run 2] skip (done)
[FEN 0053 run 3] skip (done)
[FEN 0054 run 0] skip (done)
[FEN 0054 run 1] skip (done)
[FEN 0054 run 2] skip (done)
[FEN 0054 run 3] skip (done)
[FEN 0055 run 0] skip (done)
[FEN 0055 run 1] skip (done)
[FEN 0055 run 2] skip (done)
[FEN 0055 run 3] skip (done)
[FEN 0056 run 0] skip (done)
[FEN 0056 run 1] skip (done)
[FEN 0056 run 2] skip (done)
[FEN 0056 run 3] skip (done)
[FEN 0057 run 0] skip (done)
[FEN 0057 run 1] skip (done)
[FEN 0057 run 2] skip (done)
[FEN 0057 run 3] skip (done)
[FEN 0058 run 0] skip (done)
[FEN 0058 run 1] skip (done)
[FEN 0058 run 2] skip (done)
[FEN 0058 run 3] skip (done)
[FEN 0059 run 0] skip (done)
[FEN 0059 run 1] skip (done)
[FEN 0059 run 2] skip (done)
[FEN 0059 run 3] skip (done)
[FEN 0060 run 0] skip (done)
[FEN 0060 run 1] skip (done)
[FEN 0060 run 2] skip (done)
[FEN 0060 run 3] skip (done)
[FEN 0061 run 0] skip (done)
[FEN 0061 run 1] skip (done)
[FEN 0061 run 2] skip (done)
[FEN 0061 run 3] skip (done)
[FEN 0062 run 0] skip (done)
[FEN 0062 run 1] skip (done)
[FEN 0062 run 2] skip (done)
[FEN 0062 run 3] skip (done)
[FEN 0063 run 0] skip (done)
[FEN 0063 run 1] skip (done)
[FEN 0063 run 2] skip (done)
[FEN 0063 run 3] skip (done)
[FEN 0064 run 0] skip (done)
[FEN 0064 run 1] skip (done)
[FEN 0064 run 2] skip (done)
[FEN 0064 run 3] skip (done)
[FEN 0065 run 0] skip (done)
[FEN 0065 run 1] skip (done)
[FEN 0065 run 2] skip (done)
[FEN 0065 run 3] skip (done)
[FEN 0066 run 0] skip (done)
[FEN 0066 run 1] skip (done)
[FEN 0066 run 2] skip (done)
[FEN 0066 run 3] skip (done)
[FEN 0067 run 0] skip (done)
[FEN 0067 run 1] skip (done)
[FEN 0067 run 2] skip (done)
[FEN 0067 run 3] skip (done)
[FEN 0068 run 0] skip (done)
[FEN 0068 run 1] skip (done)
[FEN 0068 run 2] skip (done)
[FEN 0068 run 3] skip (done)
[FEN 0069 run 0] skip (done)
[FEN 0069 run 1] skip (done)
[FEN 0069 run 2] skip (done)
[FEN 0069 run 3] skip (done)
[FEN 0070 run 0] skip (done)
[FEN 0070 run 1] skip (done)
[FEN 0070 run 2] skip (done)
[FEN 0070 run 3] skip (done)
[FEN 0071 run 0] skip (done)
[FEN 0071 run 1] skip (done)
[FEN 0071 run 2] skip (done)
[FEN 0071 run 3] skip (done)
[FEN 0072 run 0] skip (done)
[FEN 0072 run 1] skip (done)
[FEN 0072 run 2] skip (done)
[FEN 0072 run 3] skip (done)
[FEN 0073 run 0] skip (done)
[FEN 0073 run 1] skip (done)
[FEN 0073 run 2] skip (done)
[FEN 0073 run 3] skip (done)
[FEN 0074 run 0] skip (done)
[FEN 0074 run 1] skip (done)
[FEN 0074 run 2] skip (done)
[FEN 0074 run 3] skip (done)
[FEN 0075 run 0] skip (done)
[FEN 0075 run 1] skip (done)
[FEN 0075 run 2] skip (done)
[FEN 0075 run 3] skip (done)
[FEN 0076 run 0] skip (done)
[FEN 0076 run 1] skip (done)
[FEN 0076 run 2] skip (done)
[FEN 0076 run 3] skip (done)
[FEN 0077 run 0] skip (done)
[FEN 0077 run 1] skip (done)
[FEN 0077 run 2] skip (done)
[FEN 0077 run 3] skip (done)
[FEN 0078 run 0] skip (done)
[FEN 0078 run 1] skip (done)
[FEN 0078 run 2] skip (done)
[FEN 0078 run 3] skip (done)
[FEN 0079 run 0] skip (done)
[FEN 0079 run 1] skip (done)
[FEN 0079 run 2] skip (done)
[FEN 0079 run 3] skip (done)
[FEN 0080 run 0] skip (done)
[FEN 0080 run 1] skip (done)
[FEN 0080 run 2] skip (done)
[FEN 0080 run 3] skip (done)
[FEN 0081 run 0] skip (done)
[FEN 0081 run 1] skip (done)
[FEN 0081 run 2] skip (done)
[FEN 0081 run 3] skip (done)
[FEN 0082 run 0] skip (done)
[FEN 0082 run 1] skip (done)
[FEN 0082 run 2] skip (done)
[FEN 0082 run 3] skip (done)
[FEN 0083 run 0] skip (done)
[FEN 0083 run 1] skip (done)
[FEN 0083 run 2] skip (done)
[FEN 0083 run 3] skip (done)
[FEN 0084 run 0] skip (done)
[FEN 0084 run 1] skip (done)
[FEN 0084 run 2] skip (done)
[FEN 0084 run 3] skip (done)
[FEN 0085 run 0] skip (done)
[FEN 0085 run 1] skip (done)
[FEN 0085 run 2] skip (done)
[FEN 0085 run 3] skip (done)
[FEN 0086 run 0] skip (done)
[FEN 0086 run 1] skip (done)
[FEN 0086 run 2] skip (done)
[FEN 0086 run 3] skip (done)
[FEN 0087 run 0] skip (done)
[FEN 0087 run 1] skip (done)
[FEN 0087 run 2] skip (done)
[FEN 0087 run 3] skip (done)
[FEN 0088 run 0] skip (done)
[FEN 0088 run 1] skip (done)
[FEN 0088 run 2] skip (done)
[FEN 0088 run 3] skip (done)
[FEN 0089 run 0] skip (done)
[FEN 0089 run 1] skip (done)
[FEN 0089 run 2] skip (done)
[FEN 0089 run 3] skip (done)
[FEN 0090 run 0] skip (done)
[FEN 0090 run 1] skip (done)
[FEN 0090 run 2] skip (done)
[FEN 0090 run 3] skip (done)
[FEN 0091 run 0] skip (done)
[FEN 0091 run 1] skip (done)
[FEN 0091 run 2] skip (done)
[FEN 0091 run 3] skip (done)
[FEN 0092 run 0] skip (done)
[FEN 0092 run 1] skip (done)
[FEN 0092 run 2] skip (done)
[FEN 0092 run 3] skip (done)
[FEN 0093 run 0] skip (done)
[FEN 0093 run 1] skip (done)
[FEN 0093 run 2] skip (done)
[FEN 0093 run 3] skip (done)
[FEN 0094 run 0] skip (done)
[FEN 0094 run 1] skip (done)
[FEN 0094 run 2] skip (done)
[FEN 0094 run 3] skip (done)
[FEN 0095 run 0] skip (done)
[FEN 0095 run 1] skip (done)
[FEN 0095 run 2] skip (done)
[FEN 0095 run 3] skip (done)
[FEN 0096 run 0] skip (done)
[FEN 0096 run 1] skip (done)
[FEN 0096 run 2] skip (done)
[FEN 0096 run 3] skip (done)
[FEN 0097 run 0] skip (done)
[FEN 0097 run 1] skip (done)
[FEN 0097 run 2] skip (done)
[FEN 0097 run 3] skip (done)
[FEN 0098 run 0] skip (done)
[FEN 0098 run 1] skip (done)
[FEN 0098 run 2] skip (done)
[FEN 0098 run 3] skip (done)
[FEN 0099 run 0] skip (done)
[FEN 0099 run 1] skip (done)
[FEN 0099 run 2] skip (done)
[FEN 0099 run 3] skip (done)
[FEN 0100 run 0] skip (done)
[FEN 0100 run 1] skip (done)
[FEN 0100 run 2] skip (done)
[FEN 0100 run 3] skip (done)
[FEN 0101 run 0] skip (done)
[FEN 0101 run 1] skip (done)
[FEN 0101 run 2] skip (done)
[FEN 0101 run 3] skip (done)
[FEN 0102 run 0] skip (done)
[FEN 0102 run 1] skip (done)
[FEN 0102 run 2] skip (done)
[FEN 0102 run 3] skip (done)
[FEN 0103 run 0] skip (done)
[FEN 0103 run 1] skip (done)
[FEN 0103 run 2] skip (done)
[FEN 0103 run 3] skip (done)
[FEN 0104 run 0] skip (done)
[FEN 0104 run 1] skip (done)
[FEN 0104 run 2] skip (done)
[FEN 0104 run 3] skip (done)
[FEN 0105 run 0] skip (done)
[FEN 0105 run 1] skip (done)
[FEN 0105 run 2] skip (done)
[FEN 0105 run 3] skip (done)
[FEN 0106 run 0] skip (done)
[FEN 0106 run 1] skip (done)
[FEN 0106 run 2] skip (done)
[FEN 0106 run 3] skip (done)
[FEN 0107 run 0] skip (done)
[FEN 0107 run 1] skip (done)
[FEN 0107 run 2] skip (done)
[FEN 0107 run 3] skip (done)
[FEN 0108 run 0] skip (done)
[FEN 0108 run 1] skip (done)
[FEN 0108 run 2] skip (done)
[FEN 0108 run 3] skip (done)
[FEN 0109 run 0] skip (done)
[FEN 0109 run 1] skip (done)
[FEN 0109 run 2] skip (done)
[FEN 0109 run 3] skip (done)
[FEN 0110 run 0] skip (done)
[FEN 0110 run 1] skip (done)
[FEN 0110 run 2] skip (done)
[FEN 0110 run 3] skip (done)
[FEN 0111 run 0] skip (done)
[FEN 0111 run 1] skip (done)
[FEN 0111 run 2] skip (done)
[FEN 0111 run 3] skip (done)
[FEN 0112 run 0] skip (done)
[FEN 0112 run 1] skip (done)
[FEN 0112 run 2] skip (done)
[FEN 0112 run 3] skip (done)
[FEN 0113 run 0] skip (done)
[FEN 0113 run 1] skip (done)
[FEN 0113 run 2] skip (done)
[FEN 0113 run 3] skip (done)
[FEN 0114 run 0] skip (done)
[FEN 0114 run 1] skip (done)
[FEN 0114 run 2] skip (done)
[FEN 0114 run 3] skip (done)
[FEN 0115 run 0] skip (done)
[FEN 0115 run 1] skip (done)
[FEN 0115 run 2] skip (done)
[FEN 0115 run 3] skip (done)
[FEN 0116 run 0] skip (done)
[FEN 0116 run 1] skip (done)
[FEN 0116 run 2] skip (done)
[FEN 0116 run 3] skip (done)
[FEN 0117 run 0] skip (done)
[FEN 0117 run 1] skip (done)
[FEN 0117 run 2] skip (done)
[FEN 0117 run 3] skip (done)
[FEN 0118 run 0] skip (done)
[FEN 0118 run 1] skip (done)
[FEN 0118 run 2] skip (done)
[FEN 0118 run 3] skip (done)
[FEN 0119 run 0] skip (done)
[FEN 0119 run 1] skip (done)
[FEN 0119 run 2] skip (done)
[FEN 0119 run 3] skip (done)
[FEN 0120 run 0] skip (done)
[FEN 0120 run 1] skip (done)
[FEN 0120 run 2] skip (done)
[FEN 0120 run 3] skip (done)
[FEN 0121 run 0] skip (done)
[FEN 0121 run 1] skip (done)
[FEN 0121 run 2] skip (done)
[FEN 0121 run 3] skip (done)
[FEN 0122 run 0] skip (done)
[FEN 0122 run 1] skip (done)
[FEN 0122 run 2] skip (done)
[FEN 0122 run 3] skip (done)
[FEN 0123 run 0] skip (done)
[FEN 0123 run 1] skip (done)
[FEN 0123 run 2] skip (done)
[FEN 0123 run 3] skip (done)
[FEN 0124 run 0] skip (done)
[FEN 0124 run 1] skip (done)
[FEN 0124 run 2] skip (done)
[FEN 0124 run 3] skip (done)
[FEN 0125 run 0] skip (done)
[FEN 0125 run 1] skip (done)
[FEN 0125 run 2] skip (done)
[FEN 0125 run 3] skip (done)
[FEN 0126 run 0] skip (done)
[FEN 0126 run 1] skip (done)
[FEN 0126 run 2] skip (done)
[FEN 0126 run 3] skip (done)
[FEN 0127 run 0] skip (done)
[FEN 0127 run 1] skip (done)
[FEN 0127 run 2] skip (done)
[FEN 0127 run 3] skip (done)
[FEN 0128 run 0] skip (done)
[FEN 0128 run 1] skip (done)
[FEN 0128 run 2] skip (done)
[FEN 0128 run 3] skip (done)
[FEN 0129 run 0] skip (done)
[FEN 0129 run 1] skip (done)
[FEN 0129 run 2] skip (done)
[FEN 0129 run 3] skip (done)
[FEN 0130 run 0] skip (done)
[FEN 0130 run 1] skip (done)
[FEN 0130 run 2] skip (done)
[FEN 0130 run 3] skip (done)
[FEN 0131 run 0] skip (done)
[FEN 0131 run 1] skip (done)
[FEN 0131 run 2] skip (done)
[FEN 0131 run 3] skip (done)
[FEN 0132 run 0] skip (done)
[FEN 0132 run 1] skip (done)
[FEN 0132 run 2] skip (done)
[FEN 0132 run 3] skip (done)
[FEN 0133 run 0] skip (done)
[FEN 0133 run 1] skip (done)
[FEN 0133 run 2] skip (done)
[FEN 0133 run 3] skip (done)
[FEN 0134 run 0] skip (done)
[FEN 0134 run 1] skip (done)
[FEN 0134 run 2] skip (done)
[FEN 0134 run 3] skip (done)
[FEN 0135 run 0] skip (done)
[FEN 0135 run 1] skip (done)
[FEN 0135 run 2] skip (done)
[FEN 0135 run 3] skip (done)
[FEN 0136 run 0] skip (done)
[FEN 0136 run 1] skip (done)
[FEN 0136 run 2] skip (done)
[FEN 0136 run 3] skip (done)
[FEN 0137 run 0] skip (done)
[FEN 0137 run 1] skip (done)
[FEN 0137 run 2] skip (done)
[FEN 0137 run 3] skip (done)
[FEN 0138 run 0] skip (done)
[FEN 0138 run 1] skip (done)
[FEN 0138 run 2] skip (done)
[FEN 0138 run 3] skip (done)
[FEN 0139 run 0] skip (done)
[FEN 0139 run 1] skip (done)
[FEN 0139 run 2] skip (done)
[FEN 0139 run 3] skip (done)
[FEN 0140 run 0] skip (done)
[FEN 0140 run 1] skip (done)
[FEN 0140 run 2] skip (done)
[FEN 0140 run 3] skip (done)
[FEN 0141 run 0] skip (done)
[FEN 0141 run 1] skip (done)
[FEN 0141 run 2] skip (done)
[FEN 0141 run 3] skip (done)
[FEN 0142 run 0] skip (done)
[FEN 0142 run 1] skip (done)
[FEN 0142 run 2] skip (done)
[FEN 0142 run 3] skip (done)
[FEN 0143 run 0] skip (done)
[FEN 0143 run 1] skip (done)
[FEN 0143 run 2] skip (done)
[FEN 0143 run 3] skip (done)
[FEN 0144 run 0] skip (done)
[FEN 0144 run 1] skip (done)
[FEN 0144 run 2] skip (done)
[FEN 0144 run 3] skip (done)
[FEN 0145 run 0] skip (done)
[FEN 0145 run 1] skip (done)
[FEN 0145 run 2] skip (done)
[FEN 0145 run 3] skip (done)
[FEN 0146 run 0] skip (done)
[FEN 0146 run 1] skip (done)
[FEN 0146 run 2] skip (done)
[FEN 0146 run 3] skip (done)
[FEN 0147 run 0] skip (done)
[FEN 0147 run 1] skip (done)
[FEN 0147 run 2] skip (done)
[FEN 0147 run 3] skip (done)
[FEN 0148 run 0] skip (done)
[FEN 0148 run 1] skip (done)
[FEN 0148 run 2] skip (done)
[FEN 0148 run 3] skip (done)
[FEN 0149 run 0] skip (done)
[FEN 0149 run 1] skip (done)
[FEN 0149 run 2] skip (done)
[FEN 0149 run 3] skip (done)
[FEN 0150 run 0] skip (done)
[FEN 0150 run 1] skip (done)
[FEN 0150 run 2] skip (done)
[FEN 0150 run 3] skip (done)
[FEN 0151 run 0] skip (done)
[FEN 0151 run 1] skip (done)
[FEN 0151 run 2] skip (done)
[FEN 0151 run 3] skip (done)
[FEN 0152 run 0] skip (done)
[FEN 0152 run 1] skip (done)
[FEN 0152 run 2] skip (done)
[FEN 0152 run 3] skip (done)
[FEN 0153 run 0] skip (done)
[FEN 0153 run 1] skip (done)
[FEN 0153 run 2] skip (done)
[FEN 0153 run 3] skip (done)
[FEN 0154 run 0] skip (done)
[FEN 0154 run 1] skip (done)
[FEN 0154 run 2] skip (done)
[FEN 0154 run 3] skip (done)
[FEN 0155 run 0] skip (done)
[FEN 0155 run 1] skip (done)
[FEN 0155 run 2] skip (done)
[FEN 0155 run 3] skip (done)
[FEN 0156 run 0] skip (done)
[FEN 0156 run 1] skip (done)
[FEN 0156 run 2] skip (done)
[FEN 0156 run 3] skip (done)
[FEN 0157 run 0] skip (done)
[FEN 0157 run 1] skip (done)
[FEN 0157 run 2] skip (done)
[FEN 0157 run 3] skip (done)
[FEN 0158 run 0] skip (done)
[FEN 0158 run 1] skip (done)
[FEN 0158 run 2] skip (done)
[FEN 0158 run 3] skip (done)
[FEN 0159 run 0] skip (done)
[FEN 0159 run 1] skip (done)
[FEN 0159 run 2] skip (done)
[FEN 0159 run 3] skip (done)
[FEN 0160 run 0] skip (done)
[FEN 0160 run 1] skip (done)
[FEN 0160 run 2] skip (done)
[FEN 0160 run 3] skip (done)
[FEN 0161 run 0] skip (done)
[FEN 0161 run 1] skip (done)
[FEN 0161 run 2] skip (done)
[FEN 0161 run 3] skip (done)
[FEN 0162 run 0] skip (done)
[FEN 0162 run 1] skip (done)
[FEN 0162 run 2] skip (done)
[FEN 0162 run 3] skip (done)
[FEN 0163 run 0] skip (done)
[FEN 0163 run 1] skip (done)
[FEN 0163 run 2] skip (done)
[FEN 0163 run 3] skip (done)
[FEN 0164 run 0] skip (done)
[FEN 0164 run 1] skip (done)
[FEN 0164 run 2] skip (done)
[FEN 0164 run 3] skip (done)
[FEN 0165 run 0] skip (done)
[FEN 0165 run 1] skip (done)
[FEN 0165 run 2] skip (done)
[FEN 0165 run 3] skip (done)
[FEN 0166 run 0] skip (done)
[FEN 0166 run 1] skip (done)
[FEN 0166 run 2] skip (done)
[FEN 0166 run 3] skip (done)
[FEN 0167 run 0] skip (done)
[FEN 0167 run 1] skip (done)
[FEN 0167 run 2] skip (done)
[FEN 0167 run 3] skip (done)
[FEN 0168 run 0] skip (done)
[FEN 0168 run 1] skip (done)
[FEN 0168 run 2] skip (done)
[FEN 0168 run 3] skip (done)
[FEN 0169 run 0] skip (done)
[FEN 0169 run 1] skip (done)
[FEN 0169 run 2] skip (done)
[FEN 0169 run 3] skip (done)
[FEN 0170 run 0] skip (done)
[FEN 0170 run 1] skip (done)
[FEN 0170 run 2] skip (done)
[FEN 0170 run 3] skip (done)
[FEN 0171 run 0] skip (done)
[FEN 0171 run 1] skip (done)
[FEN 0171 run 2] skip (done)
[FEN 0171 run 3] skip (done)
[FEN 0172 run 0] skip (done)
[FEN 0172 run 1] skip (done)
[FEN 0172 run 2] skip (done)
[FEN 0172 run 3] skip (done)
[FEN 0173 run 0] skip (done)
[FEN 0173 run 1] skip (done)
[FEN 0173 run 2] skip (done)
[FEN 0173 run 3] skip (done)
[FEN 0174 run 0] skip (done)
[FEN 0174 run 1] skip (done)
[FEN 0174 run 2] skip (done)
[FEN 0174 run 3] skip (done)
[FEN 0175 run 0] skip (done)
[FEN 0175 run 1] skip (done)
[FEN 0175 run 2] skip (done)
[FEN 0175 run 3] skip (done)
[FEN 0176 run 0] skip (done)
[FEN 0176 run 1] skip (done)
[FEN 0176 run 2] skip (done)
[FEN 0176 run 3] skip (done)
[FEN 0177 run 0] skip (done)
[FEN 0177 run 1] skip (done)
[FEN 0177 run 2] skip (done)
[FEN 0177 run 3] skip (done)
[FEN 0178 run 0] skip (done)
[FEN 0178 run 1] skip (done)
[FEN 0178 run 2] skip (done)
[FEN 0178 run 3] skip (done)
[FEN 0179 run 0] skip (done)
[FEN 0179 run 1] skip (done)
[FEN 0179 run 2] skip (done)
[FEN 0179 run 3] skip (done)
[FEN 0180 run 0] skip (done)
[FEN 0180 run 1] skip (done)
[FEN 0180 run 2] skip (done)
[FEN 0180 run 3] skip (done)
[FEN 0181 run 0] skip (done)
[FEN 0181 run 1] skip (done)
[FEN 0181 run 2] skip (done)
[FEN 0181 run 3] skip (done)
[FEN 0182 run 0] skip (done)
[FEN 0182 run 1] skip (done)
[FEN 0182 run 2] skip (done)
[FEN 0182 run 3] skip (done)
[FEN 0183 run 0] skip (done)
[FEN 0183 run 1] skip (done)
[FEN 0183 run 2] skip (done)
[FEN 0183 run 3] skip (done)
[FEN 0184 run 0] skip (done)
[FEN 0184 run 1] skip (done)
[FEN 0184 run 2] skip (done)
[FEN 0184 run 3] skip (done)
[FEN 0185 run 0] skip (done)
[FEN 0185 run 1] skip (done)
[FEN 0185 run 2] skip (done)
[FEN 0185 run 3] skip (done)
[FEN 0186 run 0] skip (done)
[FEN 0186 run 1] skip (done)
[FEN 0186 run 2] skip (done)
[FEN 0186 run 3] skip (done)
[FEN 0187 run 0] skip (done)
[FEN 0187 run 1] skip (done)
[FEN 0187 run 2] skip (done)
[FEN 0187 run 3] skip (done)
[FEN 0188 run 0] skip (done)
[FEN 0188 run 1] skip (done)
[FEN 0188 run 2] skip (done)
[FEN 0188 run 3] skip (done)
[FEN 0189 run 0] skip (done)
[FEN 0189 run 1] skip (done)
[FEN 0189 run 2] skip (done)
[FEN 0189 run 3] skip (done)
[FEN 0190 run 0] skip (done)
[FEN 0190 run 1] skip (done)
[FEN 0190 run 2] skip (done)
[FEN 0190 run 3] skip (done)
[FEN 0191 run 0] skip (done)
[FEN 0191 run 1] skip (done)
[FEN 0191 run 2] skip (done)
[FEN 0191 run 3] skip (done)
[FEN 0192 run 0] skip (done)
[FEN 0192 run 1] skip (done)
[FEN 0192 run 2] skip (done)
[FEN 0192 run 3] skip (done)
[FEN 0193 run 0] skip (done)
[FEN 0193 run 1] skip (done)
[FEN 0193 run 2] skip (done)
[FEN 0193 run 3] skip (done)
[FEN 0194 run 0] skip (done)
[FEN 0194 run 1] skip (done)
[FEN 0194 run 2] skip (done)
[FEN 0194 run 3] skip (done)
[FEN 0195 run 0] skip (done)
[FEN 0195 run 1] skip (done)
[FEN 0195 run 2] skip (done)
[FEN 0195 run 3] skip (done)
[FEN 0196 run 0] skip (done)
[FEN 0196 run 1] skip (done)
[FEN 0196 run 2] skip (done)
[FEN 0196 run 3] skip (done)
[FEN 0197 run 0] skip (done)
[FEN 0197 run 1] skip (done)
[FEN 0197 run 2] skip (done)
[FEN 0197 run 3] skip (done)
[FEN 0198 run 0] skip (done)
[FEN 0198 run 1] skip (done)
[FEN 0198 run 2] skip (done)
[FEN 0198 run 3] skip (done)
[FEN 0199 run 0] skip (done)
[FEN 0199 run 1] skip (done)
[FEN 0199 run 2] skip (done)
[FEN 0199 run 3] skip (done)
[FEN 0200 run 0] skip (done)
[FEN 0200 run 1] skip (done)
[FEN 0200 run 2] skip (done)
[FEN 0200 run 3] skip (done)
[FEN 0201 run 0] skip (done)
[FEN 0201 run 1] skip (done)
[FEN 0201 run 2] skip (done)
[FEN 0201 run 3] skip (done)
[FEN 0202 run 0] skip (done)
[FEN 0202 run 1] skip (done)
[FEN 0202 run 2] skip (done)
[FEN 0202 run 3] skip (done)
[FEN 0203 run 0] skip (done)
[FEN 0203 run 1] skip (done)
[FEN 0203 run 2] skip (done)
[FEN 0203 run 3] skip (done)
[FEN 0204 run 0] skip (done)
[FEN 0204 run 1] skip (done)
[FEN 0204 run 2] skip (done)
[FEN 0204 run 3] skip (done)
[FEN 0205 run 0] skip (done)
[FEN 0205 run 1] skip (done)
[FEN 0205 run 2] skip (done)
[FEN 0205 run 3] skip (done)
[FEN 0206 run 0] skip (done)
[FEN 0206 run 1] skip (done)
[FEN 0206 run 2] skip (done)
[FEN 0206 run 3] skip (done)
[FEN 0207 run 0] skip (done)
[FEN 0207 run 1] skip (done)
[FEN 0207 run 2] skip (done)
[FEN 0207 run 3] skip (done)
[FEN 0208 run 0] skip (done)
[FEN 0208 run 1] skip (done)
[FEN 0208 run 2] skip (done)
[FEN 0208 run 3] skip (done)
[FEN 0209 run 0] skip (done)
[FEN 0209 run 1] skip (done)
[FEN 0209 run 2] skip (done)
[FEN 0209 run 3] skip (done)
[FEN 0210 run 0] skip (done)
[FEN 0210 run 1] skip (done)
[FEN 0210 run 2] skip (done)
[FEN 0210 run 3] skip (done)
[FEN 0211 run 0] skip (done)
[FEN 0211 run 1] skip (done)
[FEN 0211 run 2] skip (done)
[FEN 0211 run 3] skip (done)
[FEN 0212 run 0] skip (done)
[FEN 0212 run 1] skip (done)
[FEN 0212 run 2] skip (done)
[FEN 0212 run 3] skip (done)
[FEN 0213 run 0] skip (done)
[FEN 0213 run 1] skip (done)
[FEN 0213 run 2] skip (done)
[FEN 0213 run 3] skip (done)
[FEN 0214 run 0] skip (done)
[FEN 0214 run 1] skip (done)
[FEN 0214 run 2] skip (done)
[FEN 0214 run 3] skip (done)
[FEN 0215 run 0] skip (done)
[FEN 0215 run 1] skip (done)
[FEN 0215 run 2] skip (done)
[FEN 0215 run 3] skip (done)
[FEN 0216 run 0] skip (done)
[FEN 0216 run 1] skip (done)
[FEN 0216 run 2] skip (done)
[FEN 0216 run 3] skip (done)
[FEN 0217 run 0] skip (done)
[FEN 0217 run 1] skip (done)
[FEN 0217 run 2] skip (done)
[FEN 0217 run 3] skip (done)
[FEN 0218 run 0] skip (done)
[FEN 0218 run 1] skip (done)
[FEN 0218 run 2] skip (done)
[FEN 0218 run 3] skip (done)
[FEN 0219 run 0] skip (done)
[FEN 0219 run 1] skip (done)
[FEN 0219 run 2] skip (done)
[FEN 0219 run 3] skip (done)
[FEN 0220 run 0] skip (done)
[FEN 0220 run 1] skip (done)
[FEN 0220 run 2] skip (done)
[FEN 0220 run 3] skip (done)
[FEN 0221 run 0] skip (done)
[FEN 0221 run 1] skip (done)
[FEN 0221 run 2] skip (done)
[FEN 0221 run 3] skip (done)
[FEN 0222 run 0] skip (done)
[FEN 0222 run 1] skip (done)
[FEN 0222 run 2] skip (done)
[FEN 0222 run 3] skip (done)
[FEN 0223 run 0] skip (done)
[FEN 0223 run 1] skip (done)
[FEN 0223 run 2] skip (done)
[FEN 0223 run 3] skip (done)
[FEN 0224 run 0] skip (done)
[FEN 0224 run 1] skip (done)
[FEN 0224 run 2] skip (done)
[FEN 0224 run 3] skip (done)
[FEN 0225 run 0] skip (done)
[FEN 0225 run 1] skip (done)
[FEN 0225 run 2] skip (done)
[FEN 0225 run 3] skip (done)
[FEN 0226 run 0] skip (done)
[FEN 0226 run 1] skip (done)
[FEN 0226 run 2] skip (done)
[FEN 0226 run 3] skip (done)
[FEN 0227 run 0] skip (done)
[FEN 0227 run 1] skip (done)
[FEN 0227 run 2] skip (done)
[FEN 0227 run 3] skip (done)
[FEN 0228 run 0] skip (done)
[FEN 0228 run 1] skip (done)
[FEN 0228 run 2] skip (done)
[FEN 0228 run 3] skip (done)
[FEN 0229 run 0] skip (done)
[FEN 0229 run 1] skip (done)
[FEN 0229 run 2] skip (done)
[FEN 0229 run 3] skip (done)
[FEN 0230 run 0] skip (done)
[FEN 0230 run 1] skip (done)
[FEN 0230 run 2] skip (done)
[FEN 0230 run 3] skip (done)
[FEN 0231 run 0] skip (done)
[FEN 0231 run 1] skip (done)
[FEN 0231 run 2] skip (done)
[FEN 0231 run 3] skip (done)
[FEN 0232 run 0] skip (done)
[FEN 0232 run 1] skip (done)
[FEN 0232 run 2] skip (done)
[FEN 0232 run 3] skip (done)
[FEN 0233 run 0] skip (done)
[FEN 0233 run 1] skip (done)
[FEN 0233 run 2] skip (done)
[FEN 0233 run 3] skip (done)
[FEN 0234 run 0] skip (done)
[FEN 0234 run 1] skip (done)
[FEN 0234 run 2] skip (done)
[FEN 0234 run 3] skip (done)
[FEN 0235 run 0] skip (done)
[FEN 0235 run 1] skip (done)
[FEN 0235 run 2] skip (done)
[FEN 0235 run 3] skip (done)
[FEN 0236 run 0] skip (done)
[FEN 0236 run 1] skip (done)
[FEN 0236 run 2] skip (done)
[FEN 0236 run 3] skip (done)
[FEN 0237 run 0] skip (done)
[FEN 0237 run 1] skip (done)
[FEN 0237 run 2] skip (done)
[FEN 0237 run 3] skip (done)
[FEN 0238 run 0] skip (done)
[FEN 0238 run 1] skip (done)
[FEN 0238 run 2] skip (done)
[FEN 0238 run 3] skip (done)
[FEN 0239 run 0] skip (done)
[FEN 0239 run 1] skip (done)
[FEN 0239 run 2] skip (done)
[FEN 0239 run 3] skip (done)
[FEN 0240 run 0] skip (done)
[FEN 0240 run 1] skip (done)
[FEN 0240 run 2] skip (done)
[FEN 0240 run 3] skip (done)
[FEN 0241 run 0] skip (done)
[FEN 0241 run 1] skip (done)
[FEN 0241 run 2] skip (done)
[FEN 0241 run 3] skip (done)
[FEN 0242 run 0] skip (done)
[FEN 0242 run 1] skip (done)
[FEN 0242 run 2] skip (done)
[FEN 0242 run 3] skip (done)
[FEN 0243 run 0] skip (done)
[FEN 0243 run 1] skip (done)
[FEN 0243 run 2] skip (done)
[FEN 0243 run 3] skip (done)
[FEN 0244 run 0] skip (done)
[FEN 0244 run 1] skip (done)
[FEN 0244 run 2] skip (done)
[FEN 0244 run 3] skip (done)
[FEN 0245 run 0] skip (done)
[FEN 0245 run 1] skip (done)
[FEN 0245 run 2] skip (done)
[FEN 0245 run 3] skip (done)
[FEN 0246 run 0] skip (done)
[FEN 0246 run 1] skip (done)
[FEN 0246 run 2] skip (done)
[FEN 0246 run 3] skip (done)
[FEN 0247 run 0] skip (done)
[FEN 0247 run 1] skip (done)
[FEN 0247 run 2] skip (done)
[FEN 0247 run 3] skip (done)
[FEN 0248 run 0] skip (done)
[FEN 0248 run 1] skip (done)
[FEN 0248 run 2] skip (done)
[FEN 0248 run 3] skip (done)
[FEN 0249 run 0] skip (done)
[FEN 0249 run 1] skip (done)
[FEN 0249 run 2] skip (done)
[FEN 0249 run 3] skip (done)
[FEN 0250 run 0] skip (done)
[FEN 0250 run 1] skip (done)
[FEN 0250 run 2] skip (done)
[FEN 0250 run 3] skip (done)
[FEN 0251 run 0] skip (done)
[FEN 0251 run 1] skip (done)
[FEN 0251 run 2] skip (done)
[FEN 0251 run 3] skip (done)
[FEN 0252 run 0] skip (done)
[FEN 0252 run 1] skip (done)
[FEN 0252 run 2] skip (done)
[FEN 0252 run 3] skip (done)
[FEN 0253 run 0] skip (done)
[FEN 0253 run 1] skip (done)
[FEN 0253 run 2] skip (done)
[FEN 0253 run 3] skip (done)
[FEN 0254 run 0] skip (done)
[FEN 0254 run 1] skip (done)
[FEN 0254 run 2] skip (done)
[FEN 0254 run 3] skip (done)
[FEN 0255 run 0] skip (done)
[FEN 0255 run 1] skip (done)
[FEN 0255 run 2] skip (done)
[FEN 0255 run 3] skip (done)
[FEN 0256 run 0] skip (done)
[FEN 0256 run 1] skip (done)
[FEN 0256 run 2] skip (done)
[FEN 0256 run 3] skip (done)
[FEN 0257 run 0] skip (done)
[FEN 0257 run 1] skip (done)
[FEN 0257 run 2] skip (done)
[FEN 0257 run 3] skip (done)
[FEN 0258 run 0] skip (done)
[FEN 0258 run 1] skip (done)
[FEN 0258 run 2] skip (done)
[FEN 0258 run 3] skip (done)
[FEN 0259 run 0] skip (done)
[FEN 0259 run 1] skip (done)
[FEN 0259 run 2] skip (done)
[FEN 0259 run 3] skip (done)
[FEN 0260 run 0] skip (done)
[FEN 0260 run 1] skip (done)
[FEN 0260 run 2] skip (done)
[FEN 0260 run 3] skip (done)
[FEN 0261 run 0] skip (done)
[FEN 0261 run 1] skip (done)
[FEN 0261 run 2] skip (done)
[FEN 0261 run 3] skip (done)
[FEN 0262 run 0] skip (done)
[FEN 0262 run 1] skip (done)
[FEN 0262 run 2] skip (done)
[FEN 0262 run 3] skip (done)
[FEN 0263 run 0] skip (done)
[FEN 0263 run 1] skip (done)
[FEN 0263 run 2] skip (done)
[FEN 0263 run 3] skip (done)
[FEN 0264 run 0] skip (done)
[FEN 0264 run 1] skip (done)
[FEN 0264 run 2] skip (done)
[FEN 0264 run 3] skip (done)
[FEN 0265 run 0] skip (done)
[FEN 0265 run 1] skip (done)
[FEN 0265 run 2] skip (done)
[FEN 0265 run 3] skip (done)
[FEN 0266 run 0] skip (done)
[FEN 0266 run 1] skip (done)
[FEN 0266 run 2] skip (done)
[FEN 0266 run 3] skip (done)
[FEN 0267 run 0] skip (done)
[FEN 0267 run 1] skip (done)
[FEN 0267 run 2] skip (done)
[FEN 0267 run 3] skip (done)
[FEN 0268 run 0] skip (done)
[FEN 0268 run 1] skip (done)
[FEN 0268 run 2] skip (done)
[FEN 0268 run 3] skip (done)
[FEN 0269 run 0] skip (done)
[FEN 0269 run 1] skip (done)
[FEN 0269 run 2] skip (done)
[FEN 0269 run 3] skip (done)
[FEN 0270 run 0] skip (done)
[FEN 0270 run 1] skip (done)
[FEN 0270 run 2] skip (done)
[FEN 0270 run 3] skip (done)
[FEN 0271 run 0] skip (done)
[FEN 0271 run 1] skip (done)
[FEN 0271 run 2] skip (done)
[FEN 0271 run 3] skip (done)
[FEN 0272 run 0] skip (done)
[FEN 0272 run 1] skip (done)
[FEN 0272 run 2] skip (done)
[FEN 0272 run 3] skip (done)
[FEN 0273 run 0] skip (done)
[FEN 0273 run 1] skip (done)
[FEN 0273 run 2] skip (done)
[FEN 0273 run 3] skip (done)
[FEN 0274 run 0] skip (done)
[FEN 0274 run 1] skip (done)
[FEN 0274 run 2] skip (done)
[FEN 0274 run 3] skip (done)
[FEN 0275 run 0] skip (done)
[FEN 0275 run 1] skip (done)
[FEN 0275 run 2] skip (done)
[FEN 0275 run 3] skip (done)
[FEN 0276 run 0] skip (done)
[FEN 0276 run 1] skip (done)
[FEN 0276 run 2] skip (done)
[FEN 0276 run 3] skip (done)
[FEN 0277 run 0] skip (done)
[FEN 0277 run 1] skip (done)
[FEN 0277 run 2] skip (done)
[FEN 0277 run 3] skip (done)
[FEN 0278 run 0] skip (done)
[FEN 0278 run 1] skip (done)
[FEN 0278 run 2] skip (done)
[FEN 0278 run 3] skip (done)
[FEN 0279 run 0] skip (done)
[FEN 0279 run 1] skip (done)
[FEN 0279 run 2] skip (done)
[FEN 0279 run 3] skip (done)
[FEN 0280 run 0] skip (done)
[FEN 0280 run 1] skip (done)
[FEN 0280 run 2] skip (done)
[FEN 0280 run 3] skip (done)
[FEN 0281 run 0] skip (done)
[FEN 0281 run 1] skip (done)
[FEN 0281 run 2] skip (done)
[FEN 0281 run 3] skip (done)
[FEN 0282 run 0] skip (done)
[FEN 0282 run 1] skip (done)
[FEN 0282 run 2] skip (done)
[FEN 0282 run 3] skip (done)
[FEN 0283 run 0] skip (done)
[FEN 0283 run 1] skip (done)
[FEN 0283 run 2] skip (done)
[FEN 0283 run 3] skip (done)
[FEN 0284 run 0] skip (done)
[FEN 0284 run 1] skip (done)
[FEN 0284 run 2] skip (done)
[FEN 0284 run 3] skip (done)
[FEN 0285 run 0] skip (done)
[FEN 0285 run 1] skip (done)
[FEN 0285 run 2] skip (done)
[FEN 0285 run 3] skip (done)
[FEN 0286 run 0] skip (done)
[FEN 0286 run 1] skip (done)
[FEN 0286 run 2] skip (done)
[FEN 0286 run 3] skip (done)
[FEN 0287 run 0] skip (done)
[FEN 0287 run 1] skip (done)
[FEN 0287 run 2] skip (done)
[FEN 0287 run 3] skip (done)
[FEN 0288 run 0] skip (done)
[FEN 0288 run 1] skip (done)
[FEN 0288 run 2] skip (done)
[FEN 0288 run 3] skip (done)
[FEN 0289 run 0] skip (done)
[FEN 0289 run 1] skip (done)
[FEN 0289 run 2] skip (done)
[FEN 0289 run 3] skip (done)
[FEN 0290 run 0] skip (done)
[FEN 0290 run 1] skip (done)
[FEN 0290 run 2] skip (done)
[FEN 0290 run 3] skip (done)
[FEN 0291 run 0] skip (done)
[FEN 0291 run 1] skip (done)
[FEN 0291 run 2] skip (done)
[FEN 0291 run 3] skip (done)
[FEN 0292 run 0] skip (done)
[FEN 0292 run 1] skip (done)
[FEN 0292 run 2] skip (done)
[FEN 0292 run 3] skip (done)
[FEN 0293 run 0] skip (done)
[FEN 0293 run 1] skip (done)
[FEN 0293 run 2] skip (done)
[FEN 0293 run 3] skip (done)
[FEN 0294 run 0] skip (done)
[FEN 0294 run 1] skip (done)
[FEN 0294 run 2] skip (done)
[FEN 0294 run 3] skip (done)
[FEN 0295 run 0] skip (done)
[FEN 0295 run 1] skip (done)
[FEN 0295 run 2] skip (done)
[FEN 0295 run 3] skip (done)
[FEN 0296 run 0] skip (done)
[FEN 0296 run 1] skip (done)
[FEN 0296 run 2] skip (done)
[FEN 0296 run 3] skip (done)
[FEN 0297 run 0] skip (done)
[FEN 0297 run 1] skip (done)
[FEN 0297 run 2] skip (done)
[FEN 0297 run 3] skip (done)
[FEN 0298 run 0] skip (done)
[FEN 0298 run 1] skip (done)
[FEN 0298 run 2] skip (done)
[FEN 0298 run 3] skip (done)
[FEN 0299 run 0] skip (done)
[FEN 0299 run 1] skip (done)
[FEN 0299 run 2] skip (done)
[FEN 0299 run 3] skip (done)
[FEN 0300 run 0] skip (done)
[FEN 0300 run 1] skip (done)
[FEN 0300 run 2] skip (done)
[FEN 0300 run 3] skip (done)
[FEN 0301 run 0] skip (done)
[FEN 0301 run 1] skip (done)
[FEN 0301 run 2] skip (done)
[FEN 0301 run 3] skip (done)
[FEN 0302 run 0] skip (done)
[FEN 0302 run 1] skip (done)
[FEN 0302 run 2] skip (done)
[FEN 0302 run 3] skip (done)
[FEN 0303 run 0] skip (done)
[FEN 0303 run 1] skip (done)
[FEN 0303 run 2] skip (done)
[FEN 0303 run 3] skip (done)
[FEN 0304 run 0] skip (done)
[FEN 0304 run 1] skip (done)
[FEN 0304 run 2] skip (done)
[FEN 0304 run 3] skip (done)
[FEN 0305 run 0] skip (done)
[FEN 0305 run 1] skip (done)
[FEN 0305 run 2] skip (done)
[FEN 0305 run 3] skip (done)
[FEN 0306 run 0] skip (done)
[FEN 0306 run 1] skip (done)
[FEN 0306 run 2] skip (done)
[FEN 0306 run 3] skip (done)
[FEN 0307 run 0] skip (done)
[FEN 0307 run 1] skip (done)
[FEN 0307 run 2] skip (done)
[FEN 0307 run 3] skip (done)
[FEN 0308 run 0] skip (done)
[FEN 0308 run 1] skip (done)
[FEN 0308 run 2] skip (done)
[FEN 0308 run 3] skip (done)
[FEN 0309 run 0] skip (done)
[FEN 0309 run 1] skip (done)
[FEN 0309 run 2] skip (done)
[FEN 0309 run 3] skip (done)
[FEN 0310 run 0] skip (done)
[FEN 0310 run 1] skip (done)
[FEN 0310 run 2] skip (done)
[FEN 0310 run 3] skip (done)
[FEN 0311 run 0] skip (done)
[FEN 0311 run 1] skip (done)
[FEN 0311 run 2] skip (done)
[FEN 0311 run 3] skip (done)
[FEN 0312 run 0] skip (done)
[FEN 0312 run 1] skip (done)
[FEN 0312 run 2] skip (done)
[FEN 0312 run 3] skip (done)
[FEN 0313 run 0] skip (done)
[FEN 0313 run 1] skip (done)
[FEN 0313 run 2] skip (done)
[FEN 0313 run 3] skip (done)
[FEN 0314 run 0] skip (done)
[FEN 0314 run 1] skip (done)
[FEN 0314 run 2] skip (done)
[FEN 0314 run 3] skip (done)
[FEN 0315 run 0] skip (done)
[FEN 0315 run 1] skip (done)
[FEN 0315 run 2] skip (done)
[FEN 0315 run 3] skip (done)
[FEN 0316 run 0] skip (done)
[FEN 0316 run 1] skip (done)
[FEN 0316 run 2] skip (done)
[FEN 0316 run 3] skip (done)
[FEN 0317 run 0] skip (done)
[FEN 0317 run 1] skip (done)
[FEN 0317 run 2] skip (done)
[FEN 0317 run 3] skip (done)
[FEN 0318 run 0] skip (done)
[FEN 0318 run 1] skip (done)
[FEN 0318 run 2] skip (done)
[FEN 0318 run 3] skip (done)
[FEN 0319 run 0] skip (done)
[FEN 0319 run 1] skip (done)
[FEN 0319 run 2] skip (done)
[FEN 0319 run 3] skip (done)
[FEN 0320 run 0] skip (done)
[FEN 0320 run 1] skip (done)
[FEN 0320 run 2] skip (done)
[FEN 0320 run 3] skip (done)
[FEN 0321 run 0] skip (done)
[FEN 0321 run 1] skip (done)
[FEN 0321 run 2] skip (done)
[FEN 0321 run 3] skip (done)
[FEN 0322 run 0] skip (done)
[FEN 0322 run 1] skip (done)
[FEN 0322 run 2] skip (done)
[FEN 0322 run 3] skip (done)
[FEN 0323 run 0] skip (done)
[FEN 0323 run 1] skip (done)
[FEN 0323 run 2] skip (done)
[FEN 0323 run 3] skip (done)
[FEN 0324 run 0] skip (done)
[FEN 0324 run 1] skip (done)
[FEN 0324 run 2] skip (done)
[FEN 0324 run 3] skip (done)
[FEN 0325 run 0] skip (done)
[FEN 0325 run 1] skip (done)
[FEN 0325 run 2] skip (done)
[FEN 0325 run 3] skip (done)
[FEN 0326 run 0] skip (done)
[FEN 0326 run 1] skip (done)
[FEN 0326 run 2] skip (done)
[FEN 0326 run 3] skip (done)
[FEN 0327 run 0] skip (done)
[FEN 0327 run 1] skip (done)
[FEN 0327 run 2] skip (done)
[FEN 0327 run 3] skip (done)
[FEN 0328 run 0] skip (done)
[FEN 0328 run 1] skip (done)
[FEN 0328 run 2] skip (done)
[FEN 0328 run 3] skip (done)
[FEN 0329 run 0] skip (done)
[FEN 0329 run 1] skip (done)
[FEN 0329 run 2] skip (done)
[FEN 0329 run 3] skip (done)
[FEN 0330 run 0] skip (done)
[FEN 0330 run 1] skip (done)
[FEN 0330 run 2] skip (done)
[FEN 0330 run 3] skip (done)
[FEN 0331 run 0] skip (done)
[FEN 0331 run 1] skip (done)
[FEN 0331 run 2] skip (done)
[FEN 0331 run 3] skip (done)
[FEN 0332 run 0] skip (done)
[FEN 0332 run 1] skip (done)
[FEN 0332 run 2] skip (done)
[FEN 0332 run 3] skip (done)
[FEN 0333 run 0] skip (done)
[FEN 0333 run 1] skip (done)
[FEN 0333 run 2] skip (done)
[FEN 0333 run 3] skip (done)
[FEN 0334 run 0] skip (done)
[FEN 0334 run 1] skip (done)
[FEN 0334 run 2] skip (done)
[FEN 0334 run 3] skip (done)
[FEN 0335 run 0] skip (done)
[FEN 0335 run 1] skip (done)
[FEN 0335 run 2] skip (done)
[FEN 0335 run 3] skip (done)
[FEN 0336 run 0] skip (done)
[FEN 0336 run 1] skip (done)
[FEN 0336 run 2] skip (done)
[FEN 0336 run 3] skip (done)
[FEN 0337 run 0] skip (done)
[FEN 0337 run 1] skip (done)
[FEN 0337 run 2] skip (done)
[FEN 0337 run 3] skip (done)
[FEN 0338 run 0] skip (done)
[FEN 0338 run 1] skip (done)
[FEN 0338 run 2] skip (done)
[FEN 0338 run 3] skip (done)
[FEN 0339 run 0] skip (done)
[FEN 0339 run 1] skip (done)
[FEN 0339 run 2] skip (done)
[FEN 0339 run 3] skip (done)
[FEN 0340 run 0] skip (done)
[FEN 0340 run 1] skip (done)
[FEN 0340 run 2] skip (done)
[FEN 0340 run 3] skip (done)
[FEN 0341 run 0] skip (done)
[FEN 0341 run 1] skip (done)
[FEN 0341 run 2] skip (done)
[FEN 0341 run 3] skip (done)
[FEN 0342 run 0] skip (done)
[FEN 0342 run 1] skip (done)
[FEN 0342 run 2] skip (done)
[FEN 0342 run 3] skip (done)
[FEN 0343 run 0] skip (done)
[FEN 0343 run 1] skip (done)
[FEN 0343 run 2] skip (done)
[FEN 0343 run 3] skip (done)
[FEN 0344 run 0] skip (done)
[FEN 0344 run 1] skip (done)
[FEN 0344 run 2] skip (done)
[FEN 0344 run 3] skip (done)
[FEN 0345 run 0] skip (done)
[FEN 0345 run 1] skip (done)
[FEN 0345 run 2] skip (done)
[FEN 0345 run 3] skip (done)
[FEN 0346 run 0] skip (done)
[FEN 0346 run 1] skip (done)
[FEN 0346 run 2] skip (done)
[FEN 0346 run 3] skip (done)
[FEN 0347 run 0] skip (done)
[FEN 0347 run 1] skip (done)
[FEN 0347 run 2] skip (done)
[FEN 0347 run 3] skip (done)
[FEN 0348 run 0] skip (done)
[FEN 0348 run 1] skip (done)
[FEN 0348 run 2] skip (done)
[FEN 0348 run 3] skip (done)
[FEN 0349 run 0] skip (done)
[FEN 0349 run 1] skip (done)
[FEN 0349 run 2] skip (done)
[FEN 0349 run 3] skip (done)
[FEN 0350 run 0] skip (done)
[FEN 0350 run 1] skip (done)
[FEN 0350 run 2] skip (done)
[FEN 0350 run 3] skip (done)
[FEN 0351 run 0] skip (done)
[FEN 0351 run 1] skip (done)
[FEN 0351 run 2] skip (done)
[FEN 0351 run 3] skip (done)
[FEN 0352 run 0] skip (done)
[FEN 0352 run 1] skip (done)
[FEN 0352 run 2] skip (done)
[FEN 0352 run 3] skip (done)
[FEN 0353 run 0] skip (done)
[FEN 0353 run 1] skip (done)
[FEN 0353 run 2] skip (done)
[FEN 0353 run 3] skip (done)
[FEN 0354 run 0] skip (done)
[FEN 0354 run 1] skip (done)
[FEN 0354 run 2] skip (done)
[FEN 0354 run 3] skip (done)
[FEN 0355 run 0] skip (done)
[FEN 0355 run 1] skip (done)
[FEN 0355 run 2] skip (done)
[FEN 0355 run 3] skip (done)
[FEN 0356 run 0] skip (done)
[FEN 0356 run 1] skip (done)
[FEN 0356 run 2] skip (done)
[FEN 0356 run 3] skip (done)
[FEN 0357 run 0] skip (done)
[FEN 0357 run 1] skip (done)
[FEN 0357 run 2] skip (done)
[FEN 0357 run 3] skip (done)
[FEN 0358 run 0] skip (done)
[FEN 0358 run 1] skip (done)
[FEN 0358 run 2] skip (done)
[FEN 0358 run 3] skip (done)
[FEN 0359 run 0] skip (done)
[FEN 0359 run 1] skip (done)
[FEN 0359 run 2] skip (done)
[FEN 0359 run 3] skip (done)
[FEN 0360 run 0] skip (done)
[FEN 0360 run 1] skip (done)
[FEN 0360 run 2] skip (done)
[FEN 0360 run 3] skip (done)
[FEN 0361 run 0] skip (done)
[FEN 0361 run 1] skip (done)
[FEN 0361 run 2] skip (done)
[FEN 0361 run 3] skip (done)
[FEN 0362 run 0] skip (done)
[FEN 0362 run 1] skip (done)
[FEN 0362 run 2] skip (done)
[FEN 0362 run 3] skip (done)
[FEN 0363 run 0] skip (done)
[FEN 0363 run 1] skip (done)
[FEN 0363 run 2] skip (done)
[FEN 0363 run 3] skip (done)
[FEN 0364 run 0] skip (done)
[FEN 0364 run 1] skip (done)
[FEN 0364 run 2] skip (done)
[FEN 0364 run 3] skip (done)
[FEN 0365 run 0] skip (done)
[FEN 0365 run 1] skip (done)
[FEN 0365 run 2] skip (done)
[FEN 0365 run 3] skip (done)
[FEN 0366 run 0] skip (done)
[FEN 0366 run 1] skip (done)
[FEN 0366 run 2] skip (done)
[FEN 0366 run 3] skip (done)
[FEN 0367 run 0] skip (done)
[FEN 0367 run 1] skip (done)
[FEN 0367 run 2] skip (done)
[FEN 0367 run 3] skip (done)
[FEN 0368 run 0] skip (done)
[FEN 0368 run 1] skip (done)
[FEN 0368 run 2] skip (done)
[FEN 0368 run 3] skip (done)
[FEN 0369 run 0] skip (done)
[FEN 0369 run 1] skip (done)
[FEN 0369 run 2] skip (done)
[FEN 0369 run 3] skip (done)
[FEN 0370 run 0] skip (done)
[FEN 0370 run 1] skip (done)
[FEN 0370 run 2] skip (done)
[FEN 0370 run 3] skip (done)
[FEN 0371 run 0] skip (done)
[FEN 0371 run 1] skip (done)
[FEN 0371 run 2] skip (done)
[FEN 0371 run 3] skip (done)
[FEN 0372 run 0] skip (done)
[FEN 0372 run 1] skip (done)
[FEN 0372 run 2] skip (done)
[FEN 0372 run 3] skip (done)
[FEN 0373 run 0] skip (done)
[FEN 0373 run 1] skip (done)
[FEN 0373 run 2] skip (done)
[FEN 0373 run 3] skip (done)
[FEN 0374 run 0] skip (done)
[FEN 0374 run 1] skip (done)
[FEN 0374 run 2] skip (done)
[FEN 0374 run 3] skip (done)
[FEN 0375 run 0] skip (done)
[FEN 0375 run 1] skip (done)
[FEN 0375 run 2] skip (done)
[FEN 0375 run 3] skip (done)
[FEN 0376 run 0] skip (done)
[FEN 0376 run 1] skip (done)
[FEN 0376 run 2] skip (done)
[FEN 0376 run 3] skip (done)
[FEN 0377 run 0] skip (done)
[FEN 0377 run 1] skip (done)
[FEN 0377 run 2] skip (done)
[FEN 0377 run 3] skip (done)
[FEN 0378 run 0] skip (done)
[FEN 0378 run 1] skip (done)
[FEN 0378 run 2] skip (done)
[FEN 0378 run 3] skip (done)
[FEN 0379 run 0] skip (done)
[FEN 0379 run 1] skip (done)
[FEN 0379 run 2] skip (done)
[FEN 0379 run 3] skip (done)
[FEN 0380 run 0] skip (done)
[FEN 0380 run 1] skip (done)
[FEN 0380 run 2] skip (done)
[FEN 0380 run 3] skip (done)
[FEN 0381 run 0] skip (done)
[FEN 0381 run 1] skip (done)
[FEN 0381 run 2] skip (done)
[FEN 0381 run 3] skip (done)
[FEN 0382 run 0] skip (done)
[FEN 0382 run 1] skip (done)
[FEN 0382 run 2] skip (done)
[FEN 0382 run 3] skip (done)
[FEN 0383 run 0] skip (done)
[FEN 0383 run 1] skip (done)
[FEN 0383 run 2] skip (done)
[FEN 0383 run 3] skip (done)
[FEN 0384 run 0] skip (done)
[FEN 0384 run 1] skip (done)
[FEN 0384 run 2] skip (done)
[FEN 0384 run 3] skip (done)
[FEN 0385 run 0] skip (done)
[FEN 0385 run 1] skip (done)
[FEN 0385 run 2] skip (done)
[FEN 0385 run 3] skip (done)
[FEN 0386 run 0] skip (done)
[FEN 0386 run 1] skip (done)
[FEN 0386 run 2] skip (done)
[FEN 0386 run 3] skip (done)
[FEN 0387 run 0] skip (done)
[FEN 0387 run 1] skip (done)
[FEN 0387 run 2] skip (done)
[FEN 0387 run 3] skip (done)
[FEN 0388 run 0] skip (done)
[FEN 0388 run 1] skip (done)
[FEN 0388 run 2] skip (done)
[FEN 0388 run 3] skip (done)
[FEN 0389 run 0] skip (done)
[FEN 0389 run 1] skip (done)
[FEN 0389 run 2] skip (done)
[FEN 0389 run 3] skip (done)
[FEN 0390 run 0] skip (done)
[FEN 0390 run 1] skip (done)
[FEN 0390 run 2] skip (done)
[FEN 0390 run 3] skip (done)
[FEN 0391 run 0] skip (done)
[FEN 0391 run 1] skip (done)
[FEN 0391 run 2] skip (done)
[FEN 0391 run 3] skip (done)
[FEN 0392 run 0] skip (done)
[FEN 0392 run 1] skip (done)
[FEN 0392 run 2] skip (done)
[FEN 0392 run 3] skip (done)
[FEN 0393 run 0] skip (done)
[FEN 0393 run 1] skip (done)
[FEN 0393 run 2] skip (done)
[FEN 0393 run 3] skip (done)
[FEN 0394 run 0] skip (done)
[FEN 0394 run 1] skip (done)
[FEN 0394 run 2] skip (done)
[FEN 0394 run 3] skip (done)
[FEN 0395 run 0] skip (done)
[FEN 0395 run 1] skip (done)
[FEN 0395 run 2] skip (done)
[FEN 0395 run 3] skip (done)
[FEN 0396 run 0] skip (done)
[FEN 0396 run 1] skip (done)
[FEN 0396 run 2] skip (done)
[FEN 0396 run 3] skip (done)
[FEN 0397 run 0] skip (done)
[FEN 0397 run 1] skip (done)
[FEN 0397 run 2] skip (done)
[FEN 0397 run 3] skip (done)
[FEN 0398 run 0] skip (done)
[FEN 0398 run 1] skip (done)
[FEN 0398 run 2] skip (done)
[FEN 0398 run 3] skip (done)
[FEN 0399 run 0] skip (done)
[FEN 0399 run 1] skip (done)
[FEN 0399 run 2] skip (done)
[FEN 0399 run 3] skip (done)
[FEN 0400 run 0] skip (done)
[FEN 0400 run 1] skip (done)
[FEN 0400 run 2] skip (done)
[FEN 0400 run 3] skip (done)
[FEN 0401 run 0] skip (done)
[FEN 0401 run 1] skip (done)
[FEN 0401 run 2] skip (done)
[FEN 0401 run 3] skip (done)
[FEN 0402 run 0] skip (done)
[FEN 0402 run 1] skip (done)
[FEN 0402 run 2] skip (done)
[FEN 0402 run 3] skip (done)
[FEN 0403 run 0] skip (done)
[FEN 0403 run 1] skip (done)
[FEN 0403 run 2] skip (done)
[FEN 0403 run 3] skip (done)
[FEN 0404 run 0] skip (done)
[FEN 0404 run 1] skip (done)
[FEN 0404 run 2] skip (done)
[FEN 0404 run 3] skip (done)
[FEN 0405 run 0] skip (done)
[FEN 0405 run 1] skip (done)
[FEN 0405 run 2] skip (done)
[FEN 0405 run 3] skip (done)
[FEN 0406 run 0] skip (done)
[FEN 0406 run 1] skip (done)
[FEN 0406 run 2] skip (done)
[FEN 0406 run 3] skip (done)
[FEN 0407 run 0] skip (done)
[FEN 0407 run 1] skip (done)
[FEN 0407 run 2] skip (done)
[FEN 0407 run 3] skip (done)
[FEN 0408 run 0] skip (done)
[FEN 0408 run 1] skip (done)
[FEN 0408 run 2] skip (done)
[FEN 0408 run 3] skip (done)
[FEN 0409 run 0] skip (done)
[FEN 0409 run 1] skip (done)
[FEN 0409 run 2] skip (done)
[FEN 0409 run 3] skip (done)
[FEN 0410 run 0] skip (done)
[FEN 0410 run 1] skip (done)
[FEN 0410 run 2] skip (done)
[FEN 0410 run 3] skip (done)
[FEN 0411 run 0] skip (done)
[FEN 0411 run 1] skip (done)
[FEN 0411 run 2] skip (done)
[FEN 0411 run 3] skip (done)
[FEN 0412 run 0] skip (done)
[FEN 0412 run 1] skip (done)
[FEN 0412 run 2] skip (done)
[FEN 0412 run 3] skip (done)
[FEN 0413 run 0] skip (done)
[FEN 0413 run 1] skip (done)
[FEN 0413 run 2] skip (done)
[FEN 0413 run 3] skip (done)
[FEN 0414 run 0] skip (done)
[FEN 0414 run 1] skip (done)
[FEN 0414 run 2] skip (done)
[FEN 0414 run 3] skip (done)
[FEN 0415 run 0] skip (done)
[FEN 0415 run 1] skip (done)
[FEN 0415 run 2] skip (done)
[FEN 0415 run 3] skip (done)
[FEN 0416 run 0] skip (done)
[FEN 0416 run 1] skip (done)
[FEN 0416 run 2] skip (done)
[FEN 0416 run 3] skip (done)
[FEN 0417 run 0] skip (done)
[FEN 0417 run 1] skip (done)
[FEN 0417 run 2] skip (done)
[FEN 0417 run 3] skip (done)
[FEN 0418 run 0] skip (done)
[FEN 0418 run 1] skip (done)
[FEN 0418 run 2] skip (done)
[FEN 0418 run 3] skip (done)
[FEN 0419 run 0] skip (done)
[FEN 0419 run 1] skip (done)
[FEN 0419 run 2] skip (done)
[FEN 0419 run 3] skip (done)
[FEN 0420 run 0] skip (done)
[FEN 0420 run 1] skip (done)
[FEN 0420 run 2] skip (done)
[FEN 0420 run 3] skip (done)
[FEN 0421 run 0] skip (done)
[FEN 0421 run 1] skip (done)
[FEN 0421 run 2] skip (done)
[FEN 0421 run 3] skip (done)
[FEN 0422 run 0] skip (done)
[FEN 0422 run 1] skip (done)
[FEN 0422 run 2] skip (done)
[FEN 0422 run 3] skip (done)
[FEN 0423 run 0] skip (done)
[FEN 0423 run 1] skip (done)
[FEN 0423 run 2] skip (done)
[FEN 0423 run 3] skip (done)
[FEN 0424 run 0] skip (done)
[FEN 0424 run 1] skip (done)
[FEN 0424 run 2] skip (done)
[FEN 0424 run 3] skip (done)
[FEN 0425 run 0] skip (done)
[FEN 0425 run 1] skip (done)
[FEN 0425 run 2] skip (done)
[FEN 0425 run 3] skip (done)
[FEN 0426 run 0] skip (done)
[FEN 0426 run 1] skip (done)
[FEN 0426 run 2] skip (done)
[FEN 0426 run 3] skip (done)
[FEN 0427 run 0] skip (done)
[FEN 0427 run 1] skip (done)
[FEN 0427 run 2] skip (done)
[FEN 0427 run 3] skip (done)
[FEN 0428 run 0] skip (done)
[FEN 0428 run 1] skip (done)
[FEN 0428 run 2] skip (done)
[FEN 0428 run 3] skip (done)
[FEN 0429 run 0] skip (done)
[FEN 0429 run 1] skip (done)
[FEN 0429 run 2] skip (done)
[FEN 0429 run 3] skip (done)
[FEN 0430 run 0] skip (done)
[FEN 0430 run 1] skip (done)
[FEN 0430 run 2] skip (done)
[FEN 0430 run 3] skip (done)
[FEN 0431 run 0] skip (done)
[FEN 0431 run 1] skip (done)
[FEN 0431 run 2] skip (done)
[FEN 0431 run 3] skip (done)
[FEN 0432 run 0] skip (done)
[FEN 0432 run 1] skip (done)
[FEN 0432 run 2] skip (done)
[FEN 0432 run 3] skip (done)
[FEN 0433 run 0] skip (done)
[FEN 0433 run 1] skip (done)
[FEN 0433 run 2] skip (done)
[FEN 0433 run 3] skip (done)
[FEN 0434 run 0] skip (done)
[FEN 0434 run 1] skip (done)
[FEN 0434 run 2] skip (done)
[FEN 0434 run 3] skip (done)
[FEN 0435 run 0] skip (done)
[FEN 0435 run 1] skip (done)
[FEN 0435 run 2] skip (done)
[FEN 0435 run 3] skip (done)
[FEN 0436 run 0] skip (done)
[FEN 0436 run 1] skip (done)
[FEN 0436 run 2] skip (done)
[FEN 0436 run 3] skip (done)
[FEN 0437 run 0] skip (done)
[FEN 0437 run 1] skip (done)
[FEN 0437 run 2] skip (done)
[FEN 0437 run 3] skip (done)
[FEN 0438 run 0] skip (done)
[FEN 0438 run 1] skip (done)
[FEN 0438 run 2] skip (done)
[FEN 0438 run 3] skip (done)
[FEN 0439 run 0] skip (done)
[FEN 0439 run 1] skip (done)
[FEN 0439 run 2] skip (done)
[FEN 0439 run 3] skip (done)
[FEN 0440 run 0] skip (done)
[FEN 0440 run 1] skip (done)
[FEN 0440 run 2] skip (done)
[FEN 0440 run 3] skip (done)
[FEN 0441 run 0] skip (done)
[FEN 0441 run 1] skip (done)
[FEN 0441 run 2] skip (done)
[FEN 0441 run 3] skip (done)
[FEN 0442 run 0] skip (done)
[FEN 0442 run 1] skip (done)
[FEN 0442 run 2] skip (done)
[FEN 0442 run 3] skip (done)
[FEN 0443 run 0] skip (done)
[FEN 0443 run 1] skip (done)
[FEN 0443 run 2] skip (done)
[FEN 0443 run 3] skip (done)
[FEN 0444 run 0] skip (done)
[FEN 0444 run 1] skip (done)
[FEN 0444 run 2] skip (done)
[FEN 0444 run 3] skip (done)
[FEN 0445 run 0] skip (done)
[FEN 0445 run 1] skip (done)
[FEN 0445 run 2] skip (done)
[FEN 0445 run 3] skip (done)
[FEN 0446 run 0] skip (done)
[FEN 0446 run 1] skip (done)
[FEN 0446 run 2] skip (done)
[FEN 0446 run 3] skip (done)
[FEN 0447 run 0] skip (done)
[FEN 0447 run 1] skip (done)
[FEN 0447 run 2] skip (done)
[FEN 0447 run 3] skip (done)
[FEN 0448 run 0] skip (done)
[FEN 0448 run 1] skip (done)
[FEN 0448 run 2] skip (done)
[FEN 0448 run 3] skip (done)
[FEN 0449 run 0] skip (done)
[FEN 0449 run 1] skip (done)
[FEN 0449 run 2] skip (done)
[FEN 0449 run 3] skip (done)
[FEN 0450 run 0] skip (done)
[FEN 0450 run 1] game6 frame 32832 | hdri=brown_photostudio_02.exr rot=198° str=0.90
    [OK] 3 images in 20.4s
[FEN 0450 run 2] game6 frame 32832 | hdri=studio_small_03.exr rot=351° str=0.85
    [OK] 3 images in 17.8s
[FEN 0450 run 3] game6 frame 32832 | hdri=entrance_hall.exr rot=69° str=1.30
    [OK] 3 images in 17.8s
[FEN 0451 run 0] game6 frame 32968 | hdri=studio_small_03.exr rot=34° str=0.85
    [OK] 3 images in 17.6s
[FEN 0451 run 1] game6 frame 32968 | hdri=entrance_hall.exr rot=199° str=1.31
    [OK] 3 images in 17.7s
[FEN 0451 run 2] game6 frame 32968 | hdri=studio_small_03.exr rot=220° str=1.23
    [OK] 3 images in 17.6s
[FEN 0451 run 3] game6 frame 32968 | hdri=studio_small_03.exr rot=301° str=1.29
    [OK] 3 images in 17.5s
[FEN 0452 run 0] game6 frame 33252 | hdri=studio_small_03.exr rot=358° str=1.17
    [OK] 3 images in 17.5s
[FEN 0452 run 1] game6 frame 33252 | hdri=entrance_hall.exr rot=19° str=1.34
    [OK] 3 images in 17.6s
[FEN 0452 run 2] game6 frame 33252 | hdri=lebombo.exr rot=351° str=0.90
    [OK] 3 images in 17.5s
[FEN 0452 run 3] game6 frame 33252 | hdri=lebombo.exr rot=184° str=0.85
    [OK] 3 images in 17.5s
[FEN 0453 run 0] game6 frame 33372 | hdri=studio_small_03.exr rot=144° str=0.87
    [OK] 3 images in 17.6s
[FEN 0453 run 1] game6 frame 33372 | hdri=brown_photostudio_02.exr rot=185° str=1.36
    [OK] 3 images in 17.6s
[FEN 0453 run 2] game6 frame 33372 | hdri=brown_photostudio_02.exr rot=103° str=1.24
    [OK] 3 images in 17.5s
[FEN 0453 run 3] game6 frame 33372 | hdri=brown_photostudio_02.exr rot=45° str=0.75
    [OK] 3 images in 17.6s
[FEN 0454 run 0] game6 frame 33612 | hdri=entrance_hall.exr rot=155° str=0.92
    [OK] 3 images in 17.6s
[FEN 0454 run 1] game6 frame 33612 | hdri=studio_small_03.exr rot=130° str=0.87
    [OK] 3 images in 17.7s
[FEN 0454 run 2] game6 frame 33612 | hdri=studio_small_03.exr rot=123° str=1.10
    [OK] 3 images in 17.5s
[FEN 0454 run 3] game6 frame 33612 | hdri=studio_small_03.exr rot=334° str=1.26
    [OK] 3 images in 17.5s
[FEN 0455 run 0] game6 frame 33628 | hdri=entrance_hall.exr rot=175° str=0.84
    [OK] 3 images in 17.4s
[FEN 0455 run 1] game6 frame 33628 | hdri=lebombo.exr rot=269° str=0.98
    [OK] 3 images in 17.4s
[FEN 0455 run 2] game6 frame 33628 | hdri=studio_small_03.exr rot=260° str=0.72
    [OK] 3 images in 17.4s
[FEN 0455 run 3] game6 frame 33628 | hdri=brown_photostudio_02.exr rot=267° str=1.31
    [OK] 3 images in 17.3s
[FEN 0456 run 0] game6 frame 33648 | hdri=lebombo.exr rot=201° str=0.78
    [OK] 3 images in 17.4s
[FEN 0456 run 1] game6 frame 33648 | hdri=entrance_hall.exr rot=168° str=0.87
    [OK] 3 images in 17.4s
[FEN 0456 run 2] game6 frame 33648 | hdri=studio_small_03.exr rot=234° str=0.72
    [OK] 3 images in 17.3s
[FEN 0456 run 3] game6 frame 33648 | hdri=brown_photostudio_02.exr rot=357° str=0.81
    [OK] 3 images in 17.3s
[FEN 0457 run 0] game6 frame 33700 | hdri=lebombo.exr rot=297° str=0.89
    [OK] 3 images in 17.4s
[FEN 0457 run 1] game6 frame 33700 | hdri=entrance_hall.exr rot=216° str=0.93
    [OK] 3 images in 17.5s
[FEN 0457 run 2] game6 frame 33700 | hdri=studio_small_03.exr rot=73° str=0.80
    [OK] 3 images in 17.4s
[FEN 0457 run 3] game6 frame 33700 | hdri=entrance_hall.exr rot=110° str=1.37
    [OK] 3 images in 17.4s
[FEN 0458 run 0] game7 frame 708 | hdri=brown_photostudio_02.exr rot=261° str=1.22
    [OK] 3 images in 18.2s
[FEN 0458 run 1] game7 frame 708 | hdri=studio_small_03.exr rot=111° str=1.30
    [OK] 3 images in 18.3s
[FEN 0458 run 2] game7 frame 708 | hdri=studio_small_03.exr rot=150° str=1.31
    [OK] 3 images in 18.3s
[FEN 0458 run 3] game7 frame 708 | hdri=brown_photostudio_02.exr rot=122° str=1.03
    [OK] 3 images in 18.3s
[FEN 0459 run 0] game7 frame 736 | hdri=entrance_hall.exr rot=258° str=1.00
    [OK] 3 images in 18.3s
[FEN 0459 run 1] game7 frame 736 | hdri=studio_small_03.exr rot=143° str=0.73
    [OK] 3 images in 18.2s
[FEN 0459 run 2] game7 frame 736 | hdri=lebombo.exr rot=330° str=0.92
    [OK] 3 images in 18.3s
[FEN 0459 run 3] game7 frame 736 | hdri=lebombo.exr rot=267° str=1.07
    [OK] 3 images in 18.2s
[FEN 0460 run 0] game7 frame 748 | hdri=studio_small_03.exr rot=311° str=1.26
    [OK] 3 images in 18.3s
[FEN 0460 run 1] game7 frame 748 | hdri=lebombo.exr rot=168° str=0.74
    [OK] 3 images in 18.3s
[FEN 0460 run 2] game7 frame 748 | hdri=brown_photostudio_02.exr rot=281° str=0.89
    [OK] 3 images in 18.2s
[FEN 0460 run 3] game7 frame 748 | hdri=entrance_hall.exr rot=32° str=1.01
    [OK] 3 images in 18.3s
[FEN 0461 run 0] game7 frame 776 | hdri=lebombo.exr rot=185° str=0.77
    [OK] 3 images in 18.3s
[FEN 0461 run 1] game7 frame 776 | hdri=brown_photostudio_02.exr rot=213° str=0.72
    [OK] 3 images in 18.3s
[FEN 0461 run 2] game7 frame 776 | hdri=studio_small_03.exr rot=347° str=0.73
    [OK] 3 images in 18.2s
[FEN 0461 run 3] game7 frame 776 | hdri=studio_small_03.exr rot=360° str=0.84
    [OK] 3 images in 18.2s
[FEN 0462 run 0] game7 frame 769 | hdri=lebombo.exr rot=221° str=1.33
    [OK] 3 images in 18.3s
[FEN 0462 run 1] game7 frame 769 | hdri=studio_small_03.exr rot=178° str=1.35
    [OK] 3 images in 18.2s
[FEN 0462 run 2] game7 frame 769 | hdri=studio_small_03.exr rot=302° str=1.25
    [OK] 3 images in 18.3s
[FEN 0462 run 3] game7 frame 769 | hdri=brown_photostudio_02.exr rot=182° str=1.32
    [OK] 3 images in 18.2s
[FEN 0463 run 0] game7 frame 912 | hdri=studio_small_03.exr rot=337° str=1.27
    [OK] 3 images in 18.2s
[FEN 0463 run 1] game7 frame 912 | hdri=brown_photostudio_02.exr rot=49° str=0.72
    [OK] 3 images in 18.2s
[FEN 0463 run 2] game7 frame 912 | hdri=brown_photostudio_02.exr rot=23° str=1.00
    [OK] 3 images in 18.2s
[FEN 0463 run 3] game7 frame 912 | hdri=lebombo.exr rot=167° str=1.36
    [OK] 3 images in 18.2s
[FEN 0464 run 0] game7 frame 956 | hdri=studio_small_03.exr rot=71° str=0.92
    [OK] 3 images in 18.3s
[FEN 0464 run 1] game7 frame 956 | hdri=brown_photostudio_02.exr rot=203° str=0.89
    [OK] 3 images in 18.3s
[FEN 0464 run 2] game7 frame 956 | hdri=brown_photostudio_02.exr rot=327° str=0.82
    [OK] 3 images in 18.3s
[FEN 0464 run 3] game7 frame 956 | hdri=studio_small_03.exr rot=298° str=0.90
    [OK] 3 images in 18.3s
[FEN 0465 run 0] game7 frame 1048 | hdri=brown_photostudio_02.exr rot=300° str=1.01
    [OK] 3 images in 18.2s
[FEN 0465 run 1] game7 frame 1048 | hdri=brown_photostudio_02.exr rot=152° str=1.20
    [OK] 3 images in 18.2s
[FEN 0465 run 2] game7 frame 1048 | hdri=brown_photostudio_02.exr rot=176° str=1.24
    [OK] 3 images in 18.2s
[FEN 0465 run 3] game7 frame 1048 | hdri=studio_small_03.exr rot=188° str=1.05
    [OK] 3 images in 18.3s
[FEN 0466 run 0] game7 frame 1196 | hdri=brown_photostudio_02.exr rot=152° str=0.78
    [OK] 3 images in 18.2s
[FEN 0466 run 1] game7 frame 1196 | hdri=brown_photostudio_02.exr rot=197° str=1.30
    [OK] 3 images in 18.2s
[FEN 0466 run 2] game7 frame 1196 | hdri=lebombo.exr rot=245° str=1.17
    [OK] 3 images in 18.2s
[FEN 0466 run 3] game7 frame 1196 | hdri=brown_photostudio_02.exr rot=45° str=0.96
    [OK] 3 images in 18.3s
[FEN 0467 run 0] game7 frame 1792 | hdri=lebombo.exr rot=245° str=0.77
    [OK] 3 images in 18.3s
[FEN 0467 run 1] game7 frame 1792 | hdri=studio_small_03.exr rot=249° str=1.08
    [OK] 3 images in 18.4s
[FEN 0467 run 2] game7 frame 1792 | hdri=studio_small_03.exr rot=269° str=0.97
    [OK] 3 images in 18.2s
[FEN 0467 run 3] game7 frame 1792 | hdri=brown_photostudio_02.exr rot=252° str=1.33
    [OK] 3 images in 18.2s
[FEN 0468 run 0] game7 frame 1820 | hdri=brown_photostudio_02.exr rot=305° str=1.21
    [OK] 3 images in 18.2s
[FEN 0468 run 1] game7 frame 1820 | hdri=lebombo.exr rot=335° str=0.96
    [OK] 3 images in 18.4s
[FEN 0468 run 2] game7 frame 1820 | hdri=brown_photostudio_02.exr rot=280° str=0.78
    [OK] 3 images in 18.2s
[FEN 0468 run 3] game7 frame 1820 | hdri=brown_photostudio_02.exr rot=74° str=0.72
    [OK] 3 images in 18.2s
[FEN 0469 run 0] game7 frame 1880 | hdri=entrance_hall.exr rot=149° str=0.97
    [OK] 3 images in 18.3s
[FEN 0469 run 1] game7 frame 1880 | hdri=studio_small_03.exr rot=1° str=0.78
    [OK] 3 images in 18.3s
[FEN 0469 run 2] game7 frame 1880 | hdri=entrance_hall.exr rot=4° str=1.26
    [OK] 3 images in 18.3s
[FEN 0469 run 3] game7 frame 1880 | hdri=lebombo.exr rot=23° str=0.77
    [OK] 3 images in 18.2s
[FEN 0470 run 0] game7 frame 1916 | hdri=brown_photostudio_02.exr rot=154° str=1.20
    [OK] 3 images in 18.2s
[FEN 0470 run 1] game7 frame 1916 | hdri=entrance_hall.exr rot=132° str=1.21
    [OK] 3 images in 18.3s
[FEN 0470 run 2] game7 frame 1916 | hdri=lebombo.exr rot=279° str=1.28
    [OK] 3 images in 18.2s
[FEN 0470 run 3] game7 frame 1916 | hdri=brown_photostudio_02.exr rot=85° str=1.10
    [OK] 3 images in 18.2s
[FEN 0471 run 0] game7 frame 1992 | hdri=lebombo.exr rot=337° str=1.05
    [OK] 3 images in 18.2s
[FEN 0471 run 1] game7 frame 1992 | hdri=brown_photostudio_02.exr rot=316° str=1.34
    [OK] 3 images in 18.3s
[FEN 0471 run 2] game7 frame 1992 | hdri=brown_photostudio_02.exr rot=287° str=1.24
    [OK] 3 images in 18.2s
[FEN 0471 run 3] game7 frame 1992 | hdri=lebombo.exr rot=330° str=1.17
    [OK] 3 images in 18.3s
[FEN 0472 run 0] game7 frame 2348 | hdri=lebombo.exr rot=47° str=1.09
    [OK] 3 images in 18.3s
[FEN 0472 run 1] game7 frame 2348 | hdri=entrance_hall.exr rot=139° str=1.18
    [OK] 3 images in 18.3s
[FEN 0472 run 2] game7 frame 2348 | hdri=studio_small_03.exr rot=292° str=1.39
    [OK] 3 images in 18.3s
[FEN 0472 run 3] game7 frame 2348 | hdri=brown_photostudio_02.exr rot=62° str=0.77
    [OK] 3 images in 18.2s
[FEN 0473 run 0] game7 frame 2700 | hdri=brown_photostudio_02.exr rot=52° str=0.91
    [OK] 3 images in 18.3s
[FEN 0473 run 1] game7 frame 2700 | hdri=studio_small_03.exr rot=128° str=1.22
    [OK] 3 images in 18.3s
[FEN 0473 run 2] game7 frame 2700 | hdri=brown_photostudio_02.exr rot=88° str=0.70
    [OK] 3 images in 18.2s
[FEN 0473 run 3] game7 frame 2700 | hdri=studio_small_03.exr rot=297° str=0.88
    [OK] 3 images in 18.3s
[FEN 0474 run 0] game7 frame 2900 | hdri=brown_photostudio_02.exr rot=50° str=1.07
    [OK] 3 images in 18.3s
[FEN 0474 run 1] game7 frame 2900 | hdri=brown_photostudio_02.exr rot=172° str=1.17
    [OK] 3 images in 18.3s
[FEN 0474 run 2] game7 frame 2900 | hdri=studio_small_03.exr rot=273° str=0.71
    [OK] 3 images in 18.1s
[FEN 0474 run 3] game7 frame 2900 | hdri=lebombo.exr rot=15° str=1.36
    [OK] 3 images in 18.2s
[FEN 0475 run 0] game7 frame 3076 | hdri=entrance_hall.exr rot=42° str=0.83
    [OK] 3 images in 18.2s
[FEN 0475 run 1] game7 frame 3076 | hdri=studio_small_03.exr rot=297° str=1.05
    [OK] 3 images in 18.2s
[FEN 0475 run 2] game7 frame 3076 | hdri=lebombo.exr rot=217° str=0.87
    [OK] 3 images in 18.2s
[FEN 0475 run 3] game7 frame 3076 | hdri=lebombo.exr rot=51° str=0.72
    [OK] 3 images in 18.2s
[FEN 0476 run 0] game7 frame 3400 | hdri=studio_small_03.exr rot=186° str=0.92
    [OK] 3 images in 18.3s
[FEN 0476 run 1] game7 frame 3400 | hdri=lebombo.exr rot=285° str=0.97
    [OK] 3 images in 18.3s
[FEN 0476 run 2] game7 frame 3400 | hdri=brown_photostudio_02.exr rot=17° str=0.97
    [OK] 3 images in 18.2s
[FEN 0476 run 3] game7 frame 3400 | hdri=brown_photostudio_02.exr rot=136° str=1.10
    [OK] 3 images in 18.3s
[FEN 0477 run 0] game7 frame 4516 | hdri=lebombo.exr rot=53° str=0.80
    [OK] 3 images in 18.2s
[FEN 0477 run 1] game7 frame 4516 | hdri=brown_photostudio_02.exr rot=98° str=0.98
    [OK] 3 images in 18.3s
[FEN 0477 run 2] game7 frame 4516 | hdri=lebombo.exr rot=292° str=1.14
    [OK] 3 images in 18.2s
[FEN 0477 run 3] game7 frame 4516 | hdri=entrance_hall.exr rot=247° str=0.88
    [OK] 3 images in 18.3s
[FEN 0478 run 0] game7 frame 4752 | hdri=lebombo.exr rot=160° str=1.19
    [OK] 3 images in 18.2s
[FEN 0478 run 1] game7 frame 4752 | hdri=brown_photostudio_02.exr rot=168° str=1.12
    [OK] 3 images in 18.3s
[FEN 0478 run 2] game7 frame 4752 | hdri=lebombo.exr rot=357° str=0.98
    [OK] 3 images in 18.3s
[FEN 0478 run 3] game7 frame 4752 | hdri=lebombo.exr rot=317° str=1.12
    [OK] 3 images in 18.2s
[FEN 0479 run 0] game7 frame 4952 | hdri=brown_photostudio_02.exr rot=198° str=0.90
    [OK] 3 images in 18.2s
[FEN 0479 run 1] game7 frame 4952 | hdri=brown_photostudio_02.exr rot=185° str=0.98
    [OK] 3 images in 18.3s
[FEN 0479 run 2] game7 frame 4952 | hdri=lebombo.exr rot=153° str=0.87
    [OK] 3 images in 18.2s
[FEN 0479 run 3] game7 frame 4952 | hdri=studio_small_03.exr rot=179° str=1.29
    [OK] 3 images in 18.3s
[FEN 0480 run 0] game7 frame 6944 | hdri=lebombo.exr rot=93° str=1.28
    [OK] 3 images in 18.3s
[FEN 0480 run 1] game7 frame 6944 | hdri=brown_photostudio_02.exr rot=1° str=1.18
    [OK] 3 images in 18.3s
